./bin/web_pipeline
user_uploads/aeOGxciISh37xEtxnBLe.variants
user_uploads/aeOGxciISh37xEtxnBLe.copynumber
user_data/aeOGxciISh37xEtxnBLe/SK_BR_3_breast_cancer_cell_line____PacBio_sequencing
none
default
analysis.php?code=aeOGxciISh37xEtxnBLe

./bin/web_pipeline: line 48: python_env/bin/activate: No such file or directory
Email: default
  chromosome start   end coverage
1          1     0 10000   0.0126
2          1 10000 20000  73.2209
3          1 20000 30000  46.4863
4          1 30000 40000  13.6247
5          1 40000 50000   8.9925
6          1 50000 60000  17.3470
 [1] "1"  "2"  "3"  "4"  "5"  "6"  "7"  "8"  "9"  "10" "11" "12" "13" "14" "15"
[16] "16" "17" "18" "19" "20" "21" "22" "X"  "Y" 
        ID chrom loc.start loc.end num.mark seg.mean
1 Sample.1     1     10000  170000       17  -1.8900
2 Sample.1     1    180000  220000        5 -19.6323
3 Sample.1     1    230000  270000        5  -0.8616
4 Sample.1     1    280000  320000        5 -19.3639
5 Sample.1     1    330000  470000       15  -4.6471
6 Sample.1     1    480000  520000        5 -22.3853
[1] "1"
[1] "2"
[1] "3"
[1] "4"
[1] "5"
[1] "6"
[1] "7"
[1] "8"
[1] "9"
[1] "10"
[1] "11"
[1] "12"
[1] "13"
[1] "14"
[1] "15"
[1] "16"
[1] "17"
[1] "18"
[1] "19"
[1] "20"
[1] "21"
[1] "22"
[1] "X"
[1] "Y"
./bin/web_pipeline: line 86: SplitThreader.py: command not found
