./bin/web_pipeline: line 33: python_env/bin/activate: No such file or directory
  chromosome start   end coverage
1          1     0 10000   0.0016
2          1 10000 20000  42.2890
3          1 20000 30000  24.7618
4          1 30000 40000  23.3411
5          1 40000 50000  21.5631
6          1 50000 60000  13.2568
 [1] "1"  "2"  "3"  "4"  "5"  "6"  "7"  "8"  "9"  "10" "11" "12" "13" "14" "15"
[16] "16" "17" "18" "19" "20" "21" "22" "X"  "Y" 
        ID chrom loc.start loc.end num.mark seg.mean
1 Sample.1     1     10000  180000       18  -0.0780
2 Sample.1     1    190000  310000       13 -12.7819
3 Sample.1     1    320000  470000       16  -0.3128
4 Sample.1     1    480000  520000        5 -17.2489
5 Sample.1     1    530000  560000        4  -0.3158
6 Sample.1     1    570000  830000       27   0.2873
[1] "1"
[1] "2"
[1] "3"
[1] "4"
[1] "5"
[1] "6"
[1] "7"
[1] "8"
[1] "9"
[1] "10"
[1] "11"
[1] "12"
[1] "13"
[1] "14"
[1] "15"
[1] "16"
[1] "17"
[1] "18"
[1] "19"
[1] "20"
[1] "21"
[1] "22"
[1] "X"
[1] "Y"
