./bin/web_pipeline: line 33: python_env/bin/activate: No such file or directory
  chromosome start   end coverage
1          1     0 10000   0.0000
2          1 10000 20000   0.9699
3          1 20000 30000   0.0000
4          1 30000 40000   0.0100
5          1 40000 50000   0.0000
6          1 50000 60000   0.9852
 [1] "1"  "2"  "3"  "4"  "5"  "6"  "7"  "8"  "9"  "10" "11" "12" "13" "14" "15"
[16] "16" "17" "18" "19" "20" "21" "22" "X"  "Y" 
        ID chrom loc.start loc.end num.mark seg.mean
1 Sample.1     1     10000   50000        5 -17.3712
2 Sample.1     1     60000  160000       11  -6.8635
3 Sample.1     1    170000  220000        6 -22.6775
4 Sample.1     1    230000  270000        5  -7.5508
5 Sample.1     1    280000  520000       25 -21.4545
6 Sample.1     1    530000  710000       19  -7.9488
[1] "1"
[1] "2"
[1] "3"
[1] "4"
[1] "5"
[1] "6"
[1] "7"
[1] "8"
[1] "9"
[1] "10"
[1] "11"
[1] "12"
[1] "13"
[1] "14"
[1] "15"
[1] "16"
[1] "17"
[1] "18"
[1] "19"
[1] "20"
[1] "21"
[1] "22"
[1] "X"
[1] "Y"
